{"/home/anbreaker/Escritorio/cursoVueJsFH/03-vuejs-cli/vue-fundamentos-cli/src/components/Counter.vue": {"path":"/home/anbreaker/Escritorio/cursoVueJsFH/03-vuejs-cli/vue-fundamentos-cli/src/components/Counter.vue","statementMap":{"0":{"start":{"line":17,"column":17},"end":{"line":17,"column":null}},"1":{"start":{"line":25,"column":10},"end":{"line":25,"column":17}},"2":{"start":{"line":31,"column":6},"end":{"line":31,"column":13}},"3":{"start":{"line":37,"column":8},"end":{"line":37,"column":15}},"4":{"start":{"line":40,"column":8},"end":{"line":40,"column":13}},"5":{"start":{"line":43,"column":8},"end":{"line":43,"column":13}},"6":{"start":{"line":48,"column":8},"end":{"line":48,"column":15}},"7":{"start":{"line":51,"column":8},"end":{"line":51,"column":15}}},"fnMap":{"0":{"name":"(anonymous_0)","decl":{"start":{"line":24,"column":8},"end":{"line":24,"column":17}},"loc":{"start":{"line":24,"column":25},"end":{"line":26,"column":null}}},"1":{"name":"(anonymous_1)","decl":{"start":{"line":30,"column":4},"end":{"line":30,"column":8}},"loc":{"start":{"line":30,"column":11},"end":{"line":34,"column":null}}},"2":{"name":"(anonymous_2)","decl":{"start":{"line":36,"column":6},"end":{"line":36,"column":20}},"loc":{"start":{"line":36,"column":23},"end":{"line":38,"column":null}}},"3":{"name":"(anonymous_3)","decl":{"start":{"line":39,"column":6},"end":{"line":39,"column":14}},"loc":{"start":{"line":39,"column":17},"end":{"line":41,"column":null}}},"4":{"name":"(anonymous_4)","decl":{"start":{"line":42,"column":6},"end":{"line":42,"column":14}},"loc":{"start":{"line":42,"column":17},"end":{"line":44,"column":null}}},"5":{"name":"(anonymous_5)","decl":{"start":{"line":47,"column":6},"end":{"line":47,"column":19}},"loc":{"start":{"line":47,"column":22},"end":{"line":49,"column":null}}},"6":{"name":"(anonymous_6)","decl":{"start":{"line":50,"column":6},"end":{"line":50,"column":17}},"loc":{"start":{"line":50,"column":20},"end":{"line":52,"column":null}}}},"branchMap":{"0":{"loc":{"start":{"line":51,"column":15},"end":{"line":51,"column":29}},"type":"binary-expr","locations":[{"start":{"line":51,"column":15},"end":{"line":51,"column":29}},{"start":{"line":51,"column":29},"end":{"line":51,"column":null}}]}},"s":{"0":1,"1":1,"2":1,"3":0,"4":1,"5":2,"6":4,"7":1},"f":{"0":1,"1":1,"2":0,"3":1,"4":2,"5":4,"6":1},"b":{"0":[1,1]}}
}
