TN:
SF:/home/anbreaker/Escritorio/cursoVueJsFH/03-vuejs-cli/vue-fundamentos-cli/src/components/Counter.vue
FN:24,(anonymous_0)
FN:30,(anonymous_1)
FN:36,(anonymous_2)
FN:39,(anonymous_3)
FN:42,(anonymous_4)
FN:47,(anonymous_5)
FN:50,(anonymous_6)
FNF:7
FNH:6
FNDA:1,(anonymous_0)
FNDA:1,(anonymous_1)
FNDA:0,(anonymous_2)
FNDA:1,(anonymous_3)
FNDA:2,(anonymous_4)
FNDA:4,(anonymous_5)
FNDA:1,(anonymous_6)
DA:17,1
DA:25,1
DA:31,1
DA:37,0
DA:40,1
DA:43,2
DA:48,4
DA:51,1
LF:8
LH:7
BRDA:51,0,0,1
BRDA:51,0,1,1
BRF:2
BRH:2
end_of_record
