<?xml version="1.0" encoding="UTF-8"?>
<coverage generated="1630520335759" clover="3.2.0">
  <project timestamp="1630520335759" name="All files">
    <metrics statements="8" coveredstatements="7" conditionals="2" coveredconditionals="2" methods="7" coveredmethods="6" elements="17" coveredelements="15" complexity="0" loc="8" ncloc="8" packages="1" files="1" classes="1"/>
    <file name="Counter.vue" path="/home/anbreaker/Escritorio/cursoVueJsFH/03-vuejs-cli/vue-fundamentos-cli/src/components/Counter.vue">
      <metrics statements="8" coveredstatements="7" conditionals="2" coveredconditionals="2" methods="7" coveredmethods="6"/>
      <line num="17" count="1" type="stmt"/>
      <line num="25" count="1" type="stmt"/>
      <line num="31" count="1" type="stmt"/>
      <line num="37" count="0" type="stmt"/>
      <line num="40" count="1" type="stmt"/>
      <line num="43" count="2" type="stmt"/>
      <line num="48" count="4" type="stmt"/>
      <line num="51" count="1" type="cond" truecount="2" falsecount="0"/>
    </file>
  </project>
</coverage>
